#
# A fatal error has been detected by the Java Runtime Environment:
#
#  EXCEPTION_ACCESS_VIOLATION (0xc0000005) at pc=0x61810c10, pid=3832, tid=5992
#
# JRE version: 7.0_07-b10
# Java VM: Java HotSpot(TM) Client VM (23.3-b01 mixed mode windows-x86 )
# Problematic frame:
# V  [jvm.dll+0x20c10]
#
# Failed to write core dump. Minidumps are not enabled by default on client versions of Windows
#
# If you would like to submit a bug report, please visit:
#   http://bugreport.sun.com/bugreport/crash.jsp
#

---------------  T H R E A D  ---------------

Current thread (0x00fa2000):  JavaThread "JDWP Transport Listener: dt_socket" daemon [_thread_in_vm, id=5992, stack(0x01140000,0x01190000)]

siginfo: ExceptionCode=0xc0000005, reading address 0x00000008

Registers:
EAX=0x04977880, EBX=0x04977880, ECX=0x00000000, EDX=0x00000000
ESP=0x0118f270, EBP=0x0118f274, ESI=0x00000000, EDI=0x00fa2000
EIP=0x61810c10, EFLAGS=0x00010246

Top of Stack: (sp=0x0118f270)
0x0118f270:   00fa2128 0118f29c 618964d3 04977880
0x0118f280:   00fa2128 66c1e174 66c1e15c 00fa2000
0x0118f290:   00000000 00fa2128 0118f360 66c1e99c
0x0118f2a0:   66c063b2 00fa2128 00f368ac 00000000
0x0118f2b0:   0118f2d4 0118f360 0112bf38 0118f310
0x0118f2c0:   00f368ac 0118f2e0 66c0bd12 0118f2e0
0x0118f2d0:   0118f314 66c1e890 69d15004 66c22c68
0x0118f2e0:   010e8688 0000000b 00270000 00000013 

Instructions: (pc=0x61810c10)
0x61810bf0:   8b 0d 38 0d af 61 85 c9 7e 05 8b 0c 01 eb 02 33
0x61810c00:   c9 8b 15 3c 0d af 61 85 d2 7e 05 8b 04 02 eb 03
0x61810c10:   8b 46 08 85 c0 75 0f 33 c9 50 51 e8 c0 cb 14 00
0x61810c20:   83 c4 08 5e 5d c3 8d 4c 4e 0c 50 51 e8 af cb 14 


Register to memory mapping:

EAX=0x04977880 is an oop

[error occurred during error reporting (printing register info), id 0xc0000005]

Stack: [0x01140000,0x01190000],  sp=0x0118f270,  free space=316k
Native frames: (J=compiled Java code, j=interpreted, Vv=VM code, C=native code)
V  [jvm.dll+0x20c10]
V  [jvm.dll+0xa64d3]


---------------  P R O C E S S  ---------------

Java Threads: ( => current thread )
  0x010e8c00 JavaThread "Thread-0" [_thread_blocked, id=5560, stack(0x195a0000,0x195f0000)]
  0x0105e000 JavaThread "ReaderThread" [_thread_in_native, id=904, stack(0x190d0000,0x19120000)]
  0x00fc6800 JavaThread "Service Thread" daemon [_thread_blocked, id=5752, stack(0x193d0000,0x19420000)]
  0x00fc4400 JavaThread "C1 CompilerThread0" daemon [_thread_blocked, id=4628, stack(0x19280000,0x192d0000)]
  0x00fb1800 JavaThread "JDWP Command Reader" daemon [_thread_in_native, id=3008, stack(0x18ee0000,0x18f30000)]
  0x00fac400 JavaThread "JDWP Event Helper Thread" daemon [_thread_blocked, id=3932, stack(0x18990000,0x189e0000)]
=>0x00fa2000 JavaThread "JDWP Transport Listener: dt_socket" daemon [_thread_in_vm, id=5992, stack(0x01140000,0x01190000)]
  0x00f9c400 JavaThread "Attach Listener" daemon [_thread_blocked, id=6040, stack(0x18a40000,0x18a90000)]
  0x00f99400 JavaThread "Signal Dispatcher" daemon [_thread_blocked, id=5656, stack(0x189f0000,0x18a40000)]
  0x00f3fc00 JavaThread "Finalizer" daemon [_thread_blocked, id=3656, stack(0x01210000,0x01260000)]
  0x00f3b000 JavaThread "Reference Handler" daemon [_thread_blocked, id=4828, stack(0x18870000,0x188c0000)]
  0x00c8c000 JavaThread "main" [_thread_blocked, id=5640, stack(0x00d30000,0x00d80000)]

Other Threads:
  0x00f35c00 VMThread [stack: 0x01350000,0x013a0000] [id=1264]
  0x00fd0000 WatcherThread [stack: 0x19500000,0x19550000] [id=5600]

VM state:not at safepoint (normal execution)

VM Mutex/Monitor currently owned by a thread: None

Heap
 def new generation   total 4928K, used 2096K [0x047f0000, 0x04d40000, 0x09d40000)
  eden space 4416K,  35% used [0x047f0000, 0x0497c3f0, 0x04c40000)
  from space 512K, 100% used [0x04cc0000, 0x04d40000, 0x04d40000)
  to   space 512K,   0% used [0x04c40000, 0x04c40000, 0x04cc0000)
 tenured generation   total 10944K, used 251K [0x09d40000, 0x0a7f0000, 0x147f0000)
   the space 10944K,   2% used [0x09d40000, 0x09d7ee90, 0x09d7f000, 0x0a7f0000)
 compacting perm gen  total 12288K, used 3052K [0x147f0000, 0x153f0000, 0x187f0000)
   the space 12288K,  24% used [0x147f0000, 0x14aeb1d0, 0x14aeb200, 0x153f0000)
No shared spaces configured.

Card table byte_map: [0x00e80000,0x00f30000] byte_map_base: 0x00e5c080

Polling page: 0x00170000

Code Cache  [0x027f0000, 0x028b8000, 0x047f0000)
 total_blobs=239 nmethods=104 adapters=78 free_code_cache=31974Kb largest_free_block=32742144

Compilation events (10 events):
Event: 0.414 Thread 0x00fc4400  100             java.net.URL::getPort (5 bytes)
Event: 0.414 Thread 0x00fc4400 nmethod 100 0x028b4808 code [0x028b4900, 0x028b4980]
Event: 0.417 Thread 0x00fc4400  101             java.lang.String::regionMatches (149 bytes)
Event: 0.419 Thread 0x00fc4400 nmethod 101 0x028b49c8 code [0x028b4b50, 0x028b4e60]
Event: 0.419 Thread 0x00fc4400  102   !         sun.misc.URLClassPath$JarLoader::getResource (91 bytes)
Event: 0.420 Thread 0x00fc4400 nmethod 102 0x028b5488 code [0x028b5650, 0x028b5b6c]
Event: 0.424 Thread 0x00fc4400  103             sun.misc.URLClassPath$Loader::getBaseURL (5 bytes)
Event: 0.425 Thread 0x00fc4400 nmethod 103 0x028b6188 code [0x028b6280, 0x028b6300]
Event: 0.428 Thread 0x00fc4400  104             sun.security.provider.SHA2::lf_S (11 bytes)
Event: 0.428 Thread 0x00fc4400 nmethod 104 0x028b6348 code [0x028b6440, 0x028b64c0]

GC Heap History (2 events):
Event: 0.354 GC heap before
{Heap before GC invocations=0 (full 0):
 def new generation   total 4928K, used 4416K [0x047f0000, 0x04d40000, 0x09d40000)
  eden space 4416K, 100% used [0x047f0000, 0x04c40000, 0x04c40000)
  from space 512K,   0% used [0x04c40000, 0x04c40000, 0x04cc0000)
  to   space 512K,   0% used [0x04cc0000, 0x04cc0000, 0x04d40000)
 tenured generation   total 10944K, used 0K [0x09d40000, 0x0a7f0000, 0x147f0000)
   the space 10944K,   0% used [0x09d40000, 0x09d40000, 0x09d40200, 0x0a7f0000)
 compacting perm gen  total 12288K, used 2742K [0x147f0000, 0x153f0000, 0x187f0000)
   the space 12288K,  22% used [0x147f0000, 0x14a9d878, 0x14a9da00, 0x153f0000)
No shared spaces configured.
Event: 0.360 GC heap after
Heap after GC invocations=1 (full 0):
 def new generation   total 4928K, used 512K [0x047f0000, 0x04d40000, 0x09d40000)
  eden space 4416K,   0% used [0x047f0000, 0x047f0000, 0x04c40000)
  from space 512K, 100% used [0x04cc0000, 0x04d40000, 0x04d40000)
  to   space 512K,   0% used [0x04c40000, 0x04c40000, 0x04cc0000)
 tenured generation   total 10944K, used 251K [0x09d40000, 0x0a7f0000, 0x147f0000)
   the space 10944K,   2% used [0x09d40000, 0x09d7ee90, 0x09d7f000, 0x0a7f0000)
 compacting perm gen  total 12288K, used 2742K [0x147f0000, 0x153f0000, 0x187f0000)
   the space 12288K,  22% used [0x147f0000, 0x14a9d878, 0x14a9da00, 0x153f0000)
No shared spaces configured.
}

Deoptimization events (0 events):
No events

Internal exceptions (10 events):
Event: 0.400 Thread 0x010e8c00 Threw 0x048f2630 at C:\jdk7u1_32P\jdk7u7\hotspot\src\share\vm\prims\jvm.cpp:1166
Event: 0.413 Thread 0x010e8c00 Threw 0x04918028 at C:\jdk7u1_32P\jdk7u7\hotspot\src\share\vm\prims\jvm.cpp:1166
Event: 0.414 Thread 0x010e8c00 Threw 0x04925040 at C:\jdk7u1_32P\jdk7u7\hotspot\src\share\vm\prims\jvm.cpp:1166
Event: 0.415 Thread 0x010e8c00 Threw 0x0492f918 at C:\jdk7u1_32P\jdk7u7\hotspot\src\share\vm\prims\jvm.cpp:1166
Event: 0.417 Thread 0x010e8c00 Threw 0x0493a748 at C:\jdk7u1_32P\jdk7u7\hotspot\src\share\vm\prims\jvm.cpp:1166
Event: 0.418 Thread 0x010e8c00 Threw 0x04947d48 at C:\jdk7u1_32P\jdk7u7\hotspot\src\share\vm\prims\jvm.cpp:1166
Event: 0.420 Thread 0x010e8c00 Threw 0x049529a0 at C:\jdk7u1_32P\jdk7u7\hotspot\src\share\vm\prims\jvm.cpp:1166
Event: 0.421 Thread 0x010e8c00 Threw 0x0495d2f0 at C:\jdk7u1_32P\jdk7u7\hotspot\src\share\vm\prims\jvm.cpp:1166
Event: 0.423 Thread 0x010e8c00 Threw 0x04968170 at C:\jdk7u1_32P\jdk7u7\hotspot\src\share\vm\prims\jvm.cpp:1166
Event: 0.424 Thread 0x010e8c00 Threw 0x0496b788 at C:\jdk7u1_32P\jdk7u7\hotspot\src\share\vm\prims\jvm.cpp:1166

Events (10 events):
Event: 3.921 Executing VM operation: ChangeSingleStep
Event: 3.921 Executing VM operation: ChangeSingleStep done
Event: 3.944 Executing VM operation: GetOrSetLocal
Event: 3.944 Executing VM operation: GetOrSetLocal done
Event: 3.958 Executing VM operation: GetOrSetLocal
Event: 3.958 Executing VM operation: GetOrSetLocal done
Event: 4.311 Executing VM operation: GetOrSetLocal
Event: 4.311 Executing VM operation: GetOrSetLocal done
Event: 4.312 Executing VM operation: GetOrSetLocal
Event: 4.312 Executing VM operation: GetOrSetLocal done


Dynamic libraries:
0x013c0000 - 0x013ef000 	C:\Program Files (x86)\Java\jdk1.7.0_07\bin\javaw.exe
0x77420000 - 0x775a0000 	C:\windows\SysWOW64\ntdll.dll
0x74c40000 - 0x74d50000 	C:\windows\syswow64\kernel32.dll
0x75a80000 - 0x75ac7000 	C:\windows\syswow64\KERNELBASE.dll
0x757e0000 - 0x75880000 	C:\windows\syswow64\ADVAPI32.dll
0x74b60000 - 0x74c0c000 	C:\windows\syswow64\msvcrt.dll
0x75730000 - 0x75749000 	C:\windows\SysWOW64\sechost.dll
0x76a70000 - 0x76b60000 	C:\windows\syswow64\RPCRT4.dll
0x74b00000 - 0x74b60000 	C:\windows\syswow64\SspiCli.dll
0x74af0000 - 0x74afc000 	C:\windows\syswow64\CRYPTBASE.dll
0x75630000 - 0x75730000 	C:\windows\syswow64\USER32.dll
0x755a0000 - 0x75630000 	C:\windows\syswow64\GDI32.dll
0x773f0000 - 0x773fa000 	C:\windows\syswow64\LPK.dll
0x75470000 - 0x7550d000 	C:\windows\syswow64\USP10.dll
0x74850000 - 0x749ee000 	C:\windows\WinSxS\x86_microsoft.windows.common-controls_6595b64144ccf1df_6.0.7601.17514_none_41e6975e2bd6f2b2\COMCTL32.dll
0x74f00000 - 0x74f57000 	C:\windows\syswow64\SHLWAPI.dll
0x75ad0000 - 0x75b30000 	C:\windows\system32\IMM32.DLL
0x769a0000 - 0x76a6c000 	C:\windows\syswow64\MSCTF.dll
0x65d20000 - 0x65dde000 	C:\Program Files (x86)\Java\jdk1.7.0_07\jre\bin\msvcr100.dll
0x617f0000 - 0x61b3c000 	C:\Program Files (x86)\Java\jdk1.7.0_07\jre\bin\client\jvm.dll
0x73eb0000 - 0x73eb7000 	C:\windows\system32\WSOCK32.dll
0x75900000 - 0x75935000 	C:\windows\syswow64\WS2_32.dll
0x75a70000 - 0x75a76000 	C:\windows\syswow64\NSI.dll
0x73f40000 - 0x73f72000 	C:\windows\system32\WINMM.dll
0x75a60000 - 0x75a65000 	C:\windows\syswow64\PSAPI.DLL
0x69d20000 - 0x69d2c000 	C:\Program Files (x86)\Java\jdk1.7.0_07\jre\bin\verify.dll
0x67a00000 - 0x67a20000 	C:\Program Files (x86)\Java\jdk1.7.0_07\jre\bin\java.dll
0x66c00000 - 0x66c2a000 	C:\Program Files (x86)\Java\jdk1.7.0_07\jre\bin\jdwp.dll
0x679f0000 - 0x679f7000 	C:\Program Files (x86)\Java\jdk1.7.0_07\jre\bin\npt.dll
0x679d0000 - 0x679e3000 	C:\Program Files (x86)\Java\jdk1.7.0_07\jre\bin\zip.dll
0x69d10000 - 0x69d18000 	C:\Program Files (x86)\Java\jdk1.7.0_07\jre\bin\dt_socket.dll
0x6c030000 - 0x6c040000 	C:\windows\system32\NLAapi.dll
0x6c020000 - 0x6c030000 	C:\windows\system32\napinsp.dll
0x6c000000 - 0x6c012000 	C:\windows\system32\pnrpnsp.dll
0x73ee0000 - 0x73f1c000 	C:\windows\System32\mswsock.dll
0x6beb0000 - 0x6bef4000 	C:\windows\system32\DNSAPI.dll
0x6bea0000 - 0x6bea8000 	C:\windows\System32\winrnr.dll
0x6be90000 - 0x6be9d000 	C:\windows\system32\wshbth.dll
0x72da0000 - 0x72dbc000 	C:\windows\system32\IPHLPAPI.DLL
0x72d90000 - 0x72d97000 	C:\windows\system32\WINNSI.DLL
0x6be40000 - 0x6be78000 	C:\windows\System32\fwpuclnt.dll
0x6be80000 - 0x6be86000 	C:\windows\system32\rasadhlp.dll
0x73ed0000 - 0x73ed5000 	C:\windows\System32\wshtcpip.dll
0x66be0000 - 0x66bf4000 	C:\Program Files (x86)\Java\jdk1.7.0_07\jre\bin\net.dll
0x6c070000 - 0x6c076000 	C:\windows\System32\wship6.dll
0x6c490000 - 0x6c57b000 	C:\windows\system32\dbghelp.dll

VM Arguments:
jvm_args: -agentlib:jdwp=transport=dt_socket,suspend=y,address=localhost:55737 -Dfile.encoding=UTF-8 
java_command: org.eclipse.jdt.internal.junit.runner.RemoteTestRunner -version 3 -port 55736 -testLoaderClass org.eclipse.jdt.internal.junit4.runner.JUnit4TestLoader -loaderpluginname org.eclipse.jdt.junit4.runtime -classNames org.dejava.component.security.test.authc.HashedCredentialsMatcherTest
Launcher Type: SUN_STANDARD

Environment Variables:
JAVA_HOME=C:\Program Files (x86)\Java\jdk1.7.0_07
PATH=C:\Program Files (x86)\Java\jdk1.7.0_07\jre\bin;C:/Program Files (x86)/Java/jre7/bin/client;C:/Program Files (x86)/Java/jre7/bin;C:/Program Files (x86)/Java/jre7/lib/i386;C:\windows\system32;C:\windows;C:\windows\System32\Wbem;C:\windows\System32\WindowsPowerShell\v1.0\;C:\Program Files\Broadcom\Broadcom 802.11 Network Adapter\Driver;C:\Program Files\WIDCOMM\Bluetooth Software\;C:\Program Files\WIDCOMM\Bluetooth Software\syswow64;C:\Program Files\TortoiseSVN\bin;C:\Program Files\TortoiseGit\bin;C:\Program Files (x86)\Java\jdk1.7.0_07\bin;C:\Program Files (x86)\Apache Software Foundation\apache-maven-3.0.4\bin;C:\Program Files (x86)\eclipse;
USERNAME=rvcoutinho
OS=Windows_NT
PROCESSOR_IDENTIFIER=Intel64 Family 6 Model 42 Stepping 7, GenuineIntel



---------------  S Y S T E M  ---------------

OS: Windows 7 , 64 bit Build 7601 Service Pack 1

CPU:total 4 (2 cores per cpu, 2 threads per core) family 6 model 42 stepping 7, cmov, cx8, fxsr, mmx, sse, sse2, sse3, ssse3, sse4.1, sse4.2, popcnt, avx, ht, tsc, tscinvbit

Memory: 4k page, physical 4105776k(2289668k free), swap 8209700k(5817032k free)

vm_info: Java HotSpot(TM) Client VM (23.3-b01) for windows-x86 JRE (1.7.0_07-b10), built on Aug 28 2012 19:49:22 by "java_re" with unknown MS VC++:1600

time: Mon Nov 12 01:36:42 2012
elapsed time: 4 seconds

