#
# A fatal error has been detected by the Java Runtime Environment:
#
#  EXCEPTION_ACCESS_VIOLATION (0xc0000005) at pc=0x61810c10, pid=5980, tid=1488
#
# JRE version: 7.0_07-b10
# Java VM: Java HotSpot(TM) Client VM (23.3-b01 mixed mode windows-x86 )
# Problematic frame:
# V  [jvm.dll+0x20c10]
#
# Failed to write core dump. Minidumps are not enabled by default on client versions of Windows
#
# If you would like to submit a bug report, please visit:
#   http://bugreport.sun.com/bugreport/crash.jsp
#

---------------  T H R E A D  ---------------

Current thread (0x01072000):  JavaThread "JDWP Transport Listener: dt_socket" daemon [_thread_in_vm, id=1488, stack(0x19200000,0x19250000)]

siginfo: ExceptionCode=0xc0000005, reading address 0x00000008

Registers:
EAX=0x04976da8, EBX=0x04976da8, ECX=0x00000000, EDX=0x00000000
ESP=0x1924f680, EBP=0x1924f684, ESI=0x00000000, EDI=0x01072000
EIP=0x61810c10, EFLAGS=0x00010246

Top of Stack: (sp=0x1924f680)
0x1924f680:   01072128 1924f6ac 618964d3 04976da8
0x1924f690:   01072128 66c1e174 66c1e15c 01072000
0x1924f6a0:   00000000 01072128 1924f770 66c1e99c
0x1924f6b0:   66c063b2 01072128 010163f4 00000000
0x1924f6c0:   1924f6e4 1924f770 011f1e10 1924f720
0x1924f6d0:   010163f4 1924f6f0 66c0bd12 1924f6f0
0x1924f6e0:   1924f724 66c1e890 69d15004 66c22c68
0x1924f6f0:   011ae438 0000000b 00000000 00000013 

Instructions: (pc=0x61810c10)
0x61810bf0:   8b 0d 38 0d af 61 85 c9 7e 05 8b 0c 01 eb 02 33
0x61810c00:   c9 8b 15 3c 0d af 61 85 d2 7e 05 8b 04 02 eb 03
0x61810c10:   8b 46 08 85 c0 75 0f 33 c9 50 51 e8 c0 cb 14 00
0x61810c20:   83 c4 08 5e 5d c3 8d 4c 4e 0c 50 51 e8 af cb 14 


Register to memory mapping:

EAX=0x04976da8 is an oop

[error occurred during error reporting (printing register info), id 0xc0000005]

Stack: [0x19200000,0x19250000],  sp=0x1924f680,  free space=317k
Native frames: (J=compiled Java code, j=interpreted, Vv=VM code, C=native code)
V  [jvm.dll+0x20c10]
V  [jvm.dll+0xa64d3]


---------------  P R O C E S S  ---------------

Java Threads: ( => current thread )
  0x011b5000 JavaThread "Thread-0" [_thread_blocked, id=4100, stack(0x19390000,0x193e0000)]
  0x0112c000 JavaThread "ReaderThread" [_thread_in_native, id=5844, stack(0x19680000,0x196d0000)]
  0x0108f400 JavaThread "Service Thread" daemon [_thread_blocked, id=1500, stack(0x18fc0000,0x19010000)]
  0x0108cc00 JavaThread "C1 CompilerThread0" daemon [_thread_blocked, id=1656, stack(0x194e0000,0x19530000)]
  0x0107d800 JavaThread "JDWP Command Reader" daemon [_thread_in_native, id=6012, stack(0x193e0000,0x19430000)]
  0x0107c400 JavaThread "JDWP Event Helper Thread" daemon [_thread_blocked, id=4532, stack(0x191b0000,0x19200000)]
=>0x01072000 JavaThread "JDWP Transport Listener: dt_socket" daemon [_thread_in_vm, id=1488, stack(0x19200000,0x19250000)]
  0x0106c400 JavaThread "Attach Listener" daemon [_thread_blocked, id=4676, stack(0x18b80000,0x18bd0000)]
  0x01069400 JavaThread "Signal Dispatcher" daemon [_thread_blocked, id=2228, stack(0x189f0000,0x18a40000)]
  0x0100fc00 JavaThread "Finalizer" daemon [_thread_blocked, id=4856, stack(0x18960000,0x189b0000)]
  0x0100b000 JavaThread "Reference Handler" daemon [_thread_blocked, id=3384, stack(0x012d0000,0x01320000)]
  0x001bc000 JavaThread "main" [_thread_blocked, id=2424, stack(0x00330000,0x00380000)]

Other Threads:
  0x01005c00 VMThread [stack: 0x01220000,0x01270000] [id=1116]
  0x010a0c00 WatcherThread [stack: 0x19580000,0x195d0000] [id=4736]

VM state:not at safepoint (normal execution)

VM Mutex/Monitor currently owned by a thread: None

Heap
 def new generation   total 4928K, used 2100K [0x047f0000, 0x04d40000, 0x09d40000)
  eden space 4416K,  35% used [0x047f0000, 0x0497d280, 0x04c40000)
  from space 512K, 100% used [0x04cc0000, 0x04d40000, 0x04d40000)
  to   space 512K,   0% used [0x04c40000, 0x04c40000, 0x04cc0000)
 tenured generation   total 10944K, used 251K [0x09d40000, 0x0a7f0000, 0x147f0000)
   the space 10944K,   2% used [0x09d40000, 0x09d7ede8, 0x09d7ee00, 0x0a7f0000)
 compacting perm gen  total 12288K, used 3052K [0x147f0000, 0x153f0000, 0x187f0000)
   the space 12288K,  24% used [0x147f0000, 0x14aeb1e0, 0x14aeb200, 0x153f0000)
No shared spaces configured.

Card table byte_map: [0x00f50000,0x01000000] byte_map_base: 0x00f2c080

Polling page: 0x00170000

Code Cache  [0x027f0000, 0x028b8000, 0x047f0000)
 total_blobs=237 nmethods=102 adapters=78 free_code_cache=31975Kb largest_free_block=32743104

Compilation events (10 events):
Event: 0.475 Thread 0x0108cc00   97             java.net.URL::getQuery (5 bytes)
Event: 0.475 Thread 0x0108cc00 nmethod 97 0x028b41c8 code [0x028b42c0, 0x028b4340]
Event: 0.476 Thread 0x0108cc00   99             java.net.URL::getPort (5 bytes)
Event: 0.476 Thread 0x0108cc00 nmethod 99 0x028b4608 code [0x028b4700, 0x028b4780]
Event: 0.479 Thread 0x0108cc00  100             java.lang.String::regionMatches (149 bytes)
Event: 0.480 Thread 0x0108cc00 nmethod 100 0x028b47c8 code [0x028b4950, 0x028b4c60]
Event: 0.480 Thread 0x0108cc00  101   !         sun.misc.URLClassPath$JarLoader::getResource (91 bytes)
Event: 0.481 Thread 0x0108cc00 nmethod 101 0x028b5288 code [0x028b5450, 0x028b596c]
Event: 0.485 Thread 0x0108cc00  102             sun.misc.URLClassPath$Loader::getBaseURL (5 bytes)
Event: 0.485 Thread 0x0108cc00 nmethod 102 0x028b5f88 code [0x028b6080, 0x028b6100]

GC Heap History (2 events):
Event: 0.416 GC heap before
{Heap before GC invocations=0 (full 0):
 def new generation   total 4928K, used 4416K [0x047f0000, 0x04d40000, 0x09d40000)
  eden space 4416K, 100% used [0x047f0000, 0x04c40000, 0x04c40000)
  from space 512K,   0% used [0x04c40000, 0x04c40000, 0x04cc0000)
  to   space 512K,   0% used [0x04cc0000, 0x04cc0000, 0x04d40000)
 tenured generation   total 10944K, used 0K [0x09d40000, 0x0a7f0000, 0x147f0000)
   the space 10944K,   0% used [0x09d40000, 0x09d40000, 0x09d40200, 0x0a7f0000)
 compacting perm gen  total 12288K, used 2742K [0x147f0000, 0x153f0000, 0x187f0000)
   the space 12288K,  22% used [0x147f0000, 0x14a9d868, 0x14a9da00, 0x153f0000)
No shared spaces configured.
Event: 0.421 GC heap after
Heap after GC invocations=1 (full 0):
 def new generation   total 4928K, used 512K [0x047f0000, 0x04d40000, 0x09d40000)
  eden space 4416K,   0% used [0x047f0000, 0x047f0000, 0x04c40000)
  from space 512K, 100% used [0x04cc0000, 0x04d40000, 0x04d40000)
  to   space 512K,   0% used [0x04c40000, 0x04c40000, 0x04cc0000)
 tenured generation   total 10944K, used 251K [0x09d40000, 0x0a7f0000, 0x147f0000)
   the space 10944K,   2% used [0x09d40000, 0x09d7ede8, 0x09d7ee00, 0x0a7f0000)
 compacting perm gen  total 12288K, used 2742K [0x147f0000, 0x153f0000, 0x187f0000)
   the space 12288K,  22% used [0x147f0000, 0x14a9d868, 0x14a9da00, 0x153f0000)
No shared spaces configured.
}

Deoptimization events (0 events):
No events

Internal exceptions (10 events):
Event: 0.474 Thread 0x011b5000 Threw 0x04917768 at C:\jdk7u1_32P\jdk7u7\hotspot\src\share\vm\prims\jvm.cpp:1166
Event: 0.475 Thread 0x011b5000 Threw 0x04921f30 at C:\jdk7u1_32P\jdk7u7\hotspot\src\share\vm\prims\jvm.cpp:1166
Event: 0.477 Thread 0x011b5000 Threw 0x0492ef00 at C:\jdk7u1_32P\jdk7u7\hotspot\src\share\vm\prims\jvm.cpp:1166
Event: 0.478 Thread 0x011b5000 Threw 0x04939d40 at C:\jdk7u1_32P\jdk7u7\hotspot\src\share\vm\prims\jvm.cpp:1166
Event: 0.479 Thread 0x011b5000 Threw 0x049473b8 at C:\jdk7u1_32P\jdk7u7\hotspot\src\share\vm\prims\jvm.cpp:1166
Event: 0.481 Thread 0x011b5000 Threw 0x04952088 at C:\jdk7u1_32P\jdk7u7\hotspot\src\share\vm\prims\jvm.cpp:1166
Event: 0.482 Thread 0x011b5000 Threw 0x0495ca88 at C:\jdk7u1_32P\jdk7u7\hotspot\src\share\vm\prims\jvm.cpp:1166
Event: 0.484 Thread 0x011b5000 Threw 0x04967a18 at C:\jdk7u1_32P\jdk7u7\hotspot\src\share\vm\prims\jvm.cpp:1166
Event: 0.484 Thread 0x011b5000 Threw 0x0496b030 at C:\jdk7u1_32P\jdk7u7\hotspot\src\share\vm\prims\jvm.cpp:1166
Event: 12.299 Thread 0x011b5000 Threw 0x049768e8 at C:\jdk7u1_32P\jdk7u7\hotspot\src\share\vm\interpreter\linkResolver.cpp:805

Events (10 events):
Event: 30.375 Executing VM operation: GetOrSetLocal
Event: 30.375 Executing VM operation: GetOrSetLocal done
Event: 30.376 Executing VM operation: ChangeSingleStep
Event: 30.376 Executing VM operation: ChangeSingleStep done
Event: 30.385 Executing VM operation: GetOrSetLocal
Event: 30.385 Executing VM operation: GetOrSetLocal done
Event: 30.396 Executing VM operation: GetOrSetLocal
Event: 30.396 Executing VM operation: GetOrSetLocal done
Event: 30.801 Executing VM operation: GetOrSetLocal
Event: 30.801 Executing VM operation: GetOrSetLocal done


Dynamic libraries:
0x013c0000 - 0x013ef000 	C:\Program Files (x86)\Java\jdk1.7.0_07\bin\javaw.exe
0x77420000 - 0x775a0000 	C:\windows\SysWOW64\ntdll.dll
0x74c40000 - 0x74d50000 	C:\windows\syswow64\kernel32.dll
0x75a80000 - 0x75ac7000 	C:\windows\syswow64\KERNELBASE.dll
0x757e0000 - 0x75880000 	C:\windows\syswow64\ADVAPI32.dll
0x74b60000 - 0x74c0c000 	C:\windows\syswow64\msvcrt.dll
0x75730000 - 0x75749000 	C:\windows\SysWOW64\sechost.dll
0x76a70000 - 0x76b60000 	C:\windows\syswow64\RPCRT4.dll
0x74b00000 - 0x74b60000 	C:\windows\syswow64\SspiCli.dll
0x74af0000 - 0x74afc000 	C:\windows\syswow64\CRYPTBASE.dll
0x75630000 - 0x75730000 	C:\windows\syswow64\USER32.dll
0x755a0000 - 0x75630000 	C:\windows\syswow64\GDI32.dll
0x773f0000 - 0x773fa000 	C:\windows\syswow64\LPK.dll
0x75470000 - 0x7550d000 	C:\windows\syswow64\USP10.dll
0x74850000 - 0x749ee000 	C:\windows\WinSxS\x86_microsoft.windows.common-controls_6595b64144ccf1df_6.0.7601.17514_none_41e6975e2bd6f2b2\COMCTL32.dll
0x74f00000 - 0x74f57000 	C:\windows\syswow64\SHLWAPI.dll
0x75ad0000 - 0x75b30000 	C:\windows\system32\IMM32.DLL
0x769a0000 - 0x76a6c000 	C:\windows\syswow64\MSCTF.dll
0x65d20000 - 0x65dde000 	C:\Program Files (x86)\Java\jdk1.7.0_07\jre\bin\msvcr100.dll
0x617f0000 - 0x61b3c000 	C:\Program Files (x86)\Java\jdk1.7.0_07\jre\bin\client\jvm.dll
0x73eb0000 - 0x73eb7000 	C:\windows\system32\WSOCK32.dll
0x75900000 - 0x75935000 	C:\windows\syswow64\WS2_32.dll
0x75a70000 - 0x75a76000 	C:\windows\syswow64\NSI.dll
0x73f40000 - 0x73f72000 	C:\windows\system32\WINMM.dll
0x75a60000 - 0x75a65000 	C:\windows\syswow64\PSAPI.DLL
0x69d20000 - 0x69d2c000 	C:\Program Files (x86)\Java\jdk1.7.0_07\jre\bin\verify.dll
0x67a00000 - 0x67a20000 	C:\Program Files (x86)\Java\jdk1.7.0_07\jre\bin\java.dll
0x66c00000 - 0x66c2a000 	C:\Program Files (x86)\Java\jdk1.7.0_07\jre\bin\jdwp.dll
0x679f0000 - 0x679f7000 	C:\Program Files (x86)\Java\jdk1.7.0_07\jre\bin\npt.dll
0x679d0000 - 0x679e3000 	C:\Program Files (x86)\Java\jdk1.7.0_07\jre\bin\zip.dll
0x69d10000 - 0x69d18000 	C:\Program Files (x86)\Java\jdk1.7.0_07\jre\bin\dt_socket.dll
0x6c030000 - 0x6c040000 	C:\windows\system32\NLAapi.dll
0x6c020000 - 0x6c030000 	C:\windows\system32\napinsp.dll
0x6c000000 - 0x6c012000 	C:\windows\system32\pnrpnsp.dll
0x73ee0000 - 0x73f1c000 	C:\windows\System32\mswsock.dll
0x6beb0000 - 0x6bef4000 	C:\windows\system32\DNSAPI.dll
0x6bea0000 - 0x6bea8000 	C:\windows\System32\winrnr.dll
0x6be90000 - 0x6be9d000 	C:\windows\system32\wshbth.dll
0x72da0000 - 0x72dbc000 	C:\windows\system32\IPHLPAPI.DLL
0x72d90000 - 0x72d97000 	C:\windows\system32\WINNSI.DLL
0x6be40000 - 0x6be78000 	C:\windows\System32\fwpuclnt.dll
0x6be80000 - 0x6be86000 	C:\windows\system32\rasadhlp.dll
0x73ed0000 - 0x73ed5000 	C:\windows\System32\wshtcpip.dll
0x66be0000 - 0x66bf4000 	C:\Program Files (x86)\Java\jdk1.7.0_07\jre\bin\net.dll
0x6c070000 - 0x6c076000 	C:\windows\System32\wship6.dll
0x6c490000 - 0x6c57b000 	C:\windows\system32\dbghelp.dll

VM Arguments:
jvm_args: -agentlib:jdwp=transport=dt_socket,suspend=y,address=localhost:55725 -Dfile.encoding=UTF-8 
java_command: org.eclipse.jdt.internal.junit.runner.RemoteTestRunner -version 3 -port 55724 -testLoaderClass org.eclipse.jdt.internal.junit4.runner.JUnit4TestLoader -loaderpluginname org.eclipse.jdt.junit4.runtime -classNames org.dejava.component.security.test.auth.HashedCredentialsMatcherTest
Launcher Type: SUN_STANDARD

Environment Variables:
JAVA_HOME=C:\Program Files (x86)\Java\jdk1.7.0_07
PATH=C:\Program Files (x86)\Java\jdk1.7.0_07\jre\bin;C:/Program Files (x86)/Java/jre7/bin/client;C:/Program Files (x86)/Java/jre7/bin;C:/Program Files (x86)/Java/jre7/lib/i386;C:\windows\system32;C:\windows;C:\windows\System32\Wbem;C:\windows\System32\WindowsPowerShell\v1.0\;C:\Program Files\Broadcom\Broadcom 802.11 Network Adapter\Driver;C:\Program Files\WIDCOMM\Bluetooth Software\;C:\Program Files\WIDCOMM\Bluetooth Software\syswow64;C:\Program Files\TortoiseSVN\bin;C:\Program Files\TortoiseGit\bin;C:\Program Files (x86)\Java\jdk1.7.0_07\bin;C:\Program Files (x86)\Apache Software Foundation\apache-maven-3.0.4\bin;C:\Program Files (x86)\eclipse;
USERNAME=rvcoutinho
OS=Windows_NT
PROCESSOR_IDENTIFIER=Intel64 Family 6 Model 42 Stepping 7, GenuineIntel



---------------  S Y S T E M  ---------------

OS: Windows 7 , 64 bit Build 7601 Service Pack 1

CPU:total 4 (2 cores per cpu, 2 threads per core) family 6 model 42 stepping 7, cmov, cx8, fxsr, mmx, sse, sse2, sse3, ssse3, sse4.1, sse4.2, popcnt, avx, ht, tsc, tscinvbit

Memory: 4k page, physical 4105776k(2308592k free), swap 8209700k(5830028k free)

vm_info: Java HotSpot(TM) Client VM (23.3-b01) for windows-x86 JRE (1.7.0_07-b10), built on Aug 28 2012 19:49:22 by "java_re" with unknown MS VC++:1600

time: Mon Nov 12 01:36:13 2012
elapsed time: 30 seconds

